Copyright 1986-2022 Xilinx, Inc. All Rights Reserved.
---------------------------------------------------------------------------------------------------------------------------------------------------------------------------------------------------------
| Tool Version : Vivado v.2022.2 (win64) Build 3671981 Fri Oct 14 05:00:03 MDT 2022
| Date         : Mon May 29 00:17:19 2023
| Host         : DESKTOP-4SNUS8S running 64-bit major release  (build 9200)
| Command      : report_timing_summary -max_paths 10 -report_unconstrained -file main_timing_summary_routed.rpt -pb main_timing_summary_routed.pb -rpx main_timing_summary_routed.rpx -warn_on_violation
| Design       : main
| Device       : 7a35t-cpg236
| Speed File   : -1  PRODUCTION 1.23 2018-06-13
---------------------------------------------------------------------------------------------------------------------------------------------------------------------------------------------------------

Timing Summary Report

------------------------------------------------------------------------------------------------
| Timer Settings
| --------------
------------------------------------------------------------------------------------------------

  Enable Multi Corner Analysis               :  Yes
  Enable Pessimism Removal                   :  Yes
  Pessimism Removal Resolution               :  Nearest Common Node
  Enable Input Delay Default Clock           :  No
  Enable Preset / Clear Arcs                 :  No
  Disable Flight Delays                      :  No
  Ignore I/O Paths                           :  No
  Timing Early Launch at Borrowing Latches   :  No
  Borrow Time for Max Delay Exceptions       :  Yes
  Merge Timing Exceptions                    :  Yes

  Corner  Analyze    Analyze    
  Name    Max Paths  Min Paths  
  ------  ---------  ---------  
  Slow    Yes        Yes        
  Fast    Yes        Yes        


------------------------------------------------------------------------------------------------
| Report Methodology
| ------------------
------------------------------------------------------------------------------------------------

Rule       Severity          Description                  Violations  
---------  ----------------  ---------------------------  ----------  
TIMING-17  Critical Warning  Non-clocked sequential cell  107         

Note: This report is based on the most recent report_methodology run and may not be up-to-date. Run report_methodology on the current design for the latest report.



check_timing report

Table of Contents
-----------------
1. checking no_clock (107)
2. checking constant_clock (0)
3. checking pulse_width_clock (0)
4. checking unconstrained_internal_endpoints (181)
5. checking no_input_delay (6)
6. checking no_output_delay (13)
7. checking multiple_clock (0)
8. checking generated_clocks (0)
9. checking loops (0)
10. checking partial_input_delay (0)
11. checking partial_output_delay (0)
12. checking latch_loops (0)

1. checking no_clock (107)
--------------------------
 There are 107 register/latch pins with no clock driven by root clock pin: clk (HIGH)


2. checking constant_clock (0)
------------------------------
 There are 0 register/latch pins with constant_clock.


3. checking pulse_width_clock (0)
---------------------------------
 There are 0 register/latch pins which need pulse_width check


4. checking unconstrained_internal_endpoints (181)
--------------------------------------------------
 There are 181 pins that are not constrained for maximum delay. (HIGH)

 There are 0 pins that are not constrained for maximum delay due to constant clock.


5. checking no_input_delay (6)
------------------------------
 There are 6 input ports with no input delay specified. (HIGH)

 There are 0 input ports with no input delay but user has a false path constraint.


6. checking no_output_delay (13)
--------------------------------
 There are 13 ports with no output delay specified. (HIGH)

 There are 0 ports with no output delay but user has a false path constraint

 There are 0 ports with no output delay but with a timing clock defined on it or propagating through it


7. checking multiple_clock (0)
------------------------------
 There are 0 register/latch pins with multiple clocks.


8. checking generated_clocks (0)
--------------------------------
 There are 0 generated clocks that are not connected to a clock source.


9. checking loops (0)
---------------------
 There are 0 combinational loops in the design.


10. checking partial_input_delay (0)
------------------------------------
 There are 0 input ports with partial input delay specified.


11. checking partial_output_delay (0)
-------------------------------------
 There are 0 ports with partial output delay specified.


12. checking latch_loops (0)
----------------------------
 There are 0 combinational latch loops in the design through latch input



------------------------------------------------------------------------------------------------
| Design Timing Summary
| ---------------------
------------------------------------------------------------------------------------------------

    WNS(ns)      TNS(ns)  TNS Failing Endpoints  TNS Total Endpoints      WHS(ns)      THS(ns)  THS Failing Endpoints  THS Total Endpoints     WPWS(ns)     TPWS(ns)  TPWS Failing Endpoints  TPWS Total Endpoints  
    -------      -------  ---------------------  -------------------      -------      -------  ---------------------  -------------------     --------     --------  ----------------------  --------------------  
        inf        0.000                      0                  194          inf        0.000                      0                  194           NA           NA                      NA                    NA  


There are no user specified timing constraints.


------------------------------------------------------------------------------------------------
| Clock Summary
| -------------
------------------------------------------------------------------------------------------------


------------------------------------------------------------------------------------------------
| Intra Clock Table
| -----------------
------------------------------------------------------------------------------------------------

Clock             WNS(ns)      TNS(ns)  TNS Failing Endpoints  TNS Total Endpoints      WHS(ns)      THS(ns)  THS Failing Endpoints  THS Total Endpoints     WPWS(ns)     TPWS(ns)  TPWS Failing Endpoints  TPWS Total Endpoints  
-----             -------      -------  ---------------------  -------------------      -------      -------  ---------------------  -------------------     --------     --------  ----------------------  --------------------  


------------------------------------------------------------------------------------------------
| Inter Clock Table
| -----------------
------------------------------------------------------------------------------------------------

From Clock    To Clock          WNS(ns)      TNS(ns)  TNS Failing Endpoints  TNS Total Endpoints      WHS(ns)      THS(ns)  THS Failing Endpoints  THS Total Endpoints  
----------    --------          -------      -------  ---------------------  -------------------      -------      -------  ---------------------  -------------------  


------------------------------------------------------------------------------------------------
| Other Path Groups Table
| -----------------------
------------------------------------------------------------------------------------------------

Path Group    From Clock    To Clock          WNS(ns)      TNS(ns)  TNS Failing Endpoints  TNS Total Endpoints      WHS(ns)      THS(ns)  THS Failing Endpoints  THS Total Endpoints  
----------    ----------    --------          -------      -------  ---------------------  -------------------      -------      -------  ---------------------  -------------------  


------------------------------------------------------------------------------------------------
| User Ignored Path Table
| -----------------------
------------------------------------------------------------------------------------------------

Path Group    From Clock    To Clock    
----------    ----------    --------    


------------------------------------------------------------------------------------------------
| Unconstrained Path Table
| ------------------------
------------------------------------------------------------------------------------------------

Path Group    From Clock    To Clock    
----------    ----------    --------    
(none)                                    


------------------------------------------------------------------------------------------------
| Timing Details
| --------------
------------------------------------------------------------------------------------------------


--------------------------------------------------------------------------------------
Path Group:  (none)
From Clock:  
  To Clock:  

Max Delay           194 Endpoints
Min Delay           194 Endpoints
--------------------------------------------------------------------------------------


Max Delay Paths
--------------------------------------------------------------------------------------
Slack:                    inf
  Source:                 p1/aux_reg[13]/C
                            (rising edge-triggered cell FDRE)
  Destination:            anod[0]
                            (output port)
  Path Group:             (none)
  Path Type:              Max at Slow Process Corner
  Data Path Delay:        7.265ns  (logic 4.323ns (59.511%)  route 2.941ns (40.489%))
  Logic Levels:           3  (FDRE=1 LUT2=1 OBUF=1)

    Location             Delay type                Incr(ns)  Path(ns)    Netlist Resource(s)
  -------------------------------------------------------------------    -------------------
    SLICE_X65Y18         FDRE                         0.000     0.000 r  p1/aux_reg[13]/C
    SLICE_X65Y18         FDRE (Prop_fdre_C_Q)         0.456     0.456 r  p1/aux_reg[13]/Q
                         net (fo=20, routed)          1.025     1.481    p1/output_aux[0]
    SLICE_X63Y19         LUT2 (Prop_lut2_I1_O)        0.154     1.635 r  p1/anod_OBUF[0]_inst_i_1/O
                         net (fo=1, routed)           1.916     3.551    anod_OBUF[0]
    W4                   OBUF (Prop_obuf_I_O)         3.713     7.265 r  anod_OBUF[0]_inst/O
                         net (fo=0)                   0.000     7.265    anod[0]
    W4                                                                r  anod[0] (OUT)
  -------------------------------------------------------------------    -------------------

Slack:                    inf
  Source:                 p1/aux_reg[13]/C
                            (rising edge-triggered cell FDRE)
  Destination:            anod[3]
                            (output port)
  Path Group:             (none)
  Path Type:              Max at Slow Process Corner
  Data Path Delay:        7.238ns  (logic 4.083ns (56.409%)  route 3.155ns (43.591%))
  Logic Levels:           3  (FDRE=1 LUT2=1 OBUF=1)

    Location             Delay type                Incr(ns)  Path(ns)    Netlist Resource(s)
  -------------------------------------------------------------------    -------------------
    SLICE_X65Y18         FDRE                         0.000     0.000 r  p1/aux_reg[13]/C
    SLICE_X65Y18         FDRE (Prop_fdre_C_Q)         0.456     0.456 f  p1/aux_reg[13]/Q
                         net (fo=20, routed)          1.015     1.471    p1/output_aux[0]
    SLICE_X62Y19         LUT2 (Prop_lut2_I0_O)        0.124     1.595 r  p1/anod_OBUF[3]_inst_i_1/O
                         net (fo=5, routed)           2.140     3.735    anod_OBUF[3]
    U2                   OBUF (Prop_obuf_I_O)         3.503     7.238 r  anod_OBUF[3]_inst/O
                         net (fo=0)                   0.000     7.238    anod[3]
    U2                                                                r  anod[3] (OUT)
  -------------------------------------------------------------------    -------------------

Slack:                    inf
  Source:                 start
                            (input port)
  Destination:            p12/FSM_sequential_stare_reg[3]/D
  Path Group:             (none)
  Path Type:              Max at Slow Process Corner
  Data Path Delay:        7.087ns  (logic 2.046ns (28.872%)  route 5.041ns (71.128%))
  Logic Levels:           4  (IBUF=1 LUT5=1 LUT6=2)

    Location             Delay type                Incr(ns)  Path(ns)    Netlist Resource(s)
  -------------------------------------------------------------------    -------------------
    U18                                               0.000     0.000 r  start (IN)
                         net (fo=0)                   0.000     0.000    start
    U18                  IBUF (Prop_ibuf_I_O)         1.441     1.441 r  start_IBUF_inst/O
                         net (fo=2, routed)           3.454     4.896    p12/start_IBUF
    SLICE_X58Y19         LUT5 (Prop_lut5_I4_O)        0.149     5.045 r  p12/FSM_sequential_stare[3]_i_4/O
                         net (fo=1, routed)           0.628     5.673    p12/FSM_sequential_stare[3]_i_4_n_0
    SLICE_X59Y19         LUT6 (Prop_lut6_I0_O)        0.332     6.005 r  p12/FSM_sequential_stare[3]_i_3/O
                         net (fo=4, routed)           0.959     6.963    p12/FSM_sequential_stare[3]_i_3_n_0
    SLICE_X58Y18         LUT6 (Prop_lut6_I4_O)        0.124     7.087 r  p12/FSM_sequential_stare[3]_i_1/O
                         net (fo=1, routed)           0.000     7.087    p12/FSM_sequential_stare[3]_i_1_n_0
    SLICE_X58Y18         FDRE                                         r  p12/FSM_sequential_stare_reg[3]/D
  -------------------------------------------------------------------    -------------------

Slack:                    inf
  Source:                 p1/aux_reg[14]/C
                            (rising edge-triggered cell FDRE)
  Destination:            anod[1]
                            (output port)
  Path Group:             (none)
  Path Type:              Max at Slow Process Corner
  Data Path Delay:        7.081ns  (logic 4.103ns (57.941%)  route 2.978ns (42.059%))
  Logic Levels:           3  (FDRE=1 LUT2=1 OBUF=1)

    Location             Delay type                Incr(ns)  Path(ns)    Netlist Resource(s)
  -------------------------------------------------------------------    -------------------
    SLICE_X65Y18         FDRE                         0.000     0.000 r  p1/aux_reg[14]/C
    SLICE_X65Y18         FDRE (Prop_fdre_C_Q)         0.456     0.456 r  p1/aux_reg[14]/Q
                         net (fo=20, routed)          0.887     1.343    p1/output_aux[1]
    SLICE_X63Y19         LUT2 (Prop_lut2_I0_O)        0.124     1.467 r  p1/anod_OBUF[1]_inst_i_1/O
                         net (fo=1, routed)           2.092     3.558    anod_OBUF[1]
    V4                   OBUF (Prop_obuf_I_O)         3.523     7.081 r  anod_OBUF[1]_inst/O
                         net (fo=0)                   0.000     7.081    anod[1]
    V4                                                                r  anod[1] (OUT)
  -------------------------------------------------------------------    -------------------

Slack:                    inf
  Source:                 start
                            (input port)
  Destination:            p12/FSM_sequential_stare_reg[0]/D
  Path Group:             (none)
  Path Type:              Max at Slow Process Corner
  Data Path Delay:        7.024ns  (logic 2.046ns (29.132%)  route 4.978ns (70.868%))
  Logic Levels:           4  (IBUF=1 LUT4=1 LUT5=1 LUT6=1)

    Location             Delay type                Incr(ns)  Path(ns)    Netlist Resource(s)
  -------------------------------------------------------------------    -------------------
    U18                                               0.000     0.000 r  start (IN)
                         net (fo=0)                   0.000     0.000    start
    U18                  IBUF (Prop_ibuf_I_O)         1.441     1.441 r  start_IBUF_inst/O
                         net (fo=2, routed)           3.454     4.896    p12/start_IBUF
    SLICE_X58Y19         LUT5 (Prop_lut5_I4_O)        0.149     5.045 r  p12/FSM_sequential_stare[3]_i_4/O
                         net (fo=1, routed)           0.628     5.673    p12/FSM_sequential_stare[3]_i_4_n_0
    SLICE_X59Y19         LUT6 (Prop_lut6_I0_O)        0.332     6.005 r  p12/FSM_sequential_stare[3]_i_3/O
                         net (fo=4, routed)           0.896     6.900    p12/FSM_sequential_stare[3]_i_3_n_0
    SLICE_X58Y19         LUT4 (Prop_lut4_I2_O)        0.124     7.024 r  p12/FSM_sequential_stare[0]_i_1/O
                         net (fo=1, routed)           0.000     7.024    p12/FSM_sequential_stare[0]_i_1_n_0
    SLICE_X58Y19         FDRE                                         r  p12/FSM_sequential_stare_reg[0]/D
  -------------------------------------------------------------------    -------------------

Slack:                    inf
  Source:                 start
                            (input port)
  Destination:            p12/FSM_sequential_stare_reg[1]/D
  Path Group:             (none)
  Path Type:              Max at Slow Process Corner
  Data Path Delay:        6.955ns  (logic 2.046ns (29.420%)  route 4.909ns (70.580%))
  Logic Levels:           4  (IBUF=1 LUT3=1 LUT5=1 LUT6=1)

    Location             Delay type                Incr(ns)  Path(ns)    Netlist Resource(s)
  -------------------------------------------------------------------    -------------------
    U18                                               0.000     0.000 r  start (IN)
                         net (fo=0)                   0.000     0.000    start
    U18                  IBUF (Prop_ibuf_I_O)         1.441     1.441 r  start_IBUF_inst/O
                         net (fo=2, routed)           3.454     4.896    p12/start_IBUF
    SLICE_X58Y19         LUT5 (Prop_lut5_I4_O)        0.149     5.045 r  p12/FSM_sequential_stare[3]_i_4/O
                         net (fo=1, routed)           0.628     5.673    p12/FSM_sequential_stare[3]_i_4_n_0
    SLICE_X59Y19         LUT6 (Prop_lut6_I0_O)        0.332     6.005 r  p12/FSM_sequential_stare[3]_i_3/O
                         net (fo=4, routed)           0.827     6.831    p12/FSM_sequential_stare[3]_i_3_n_0
    SLICE_X59Y18         LUT3 (Prop_lut3_I1_O)        0.124     6.955 r  p12/FSM_sequential_stare[1]_i_1/O
                         net (fo=1, routed)           0.000     6.955    p12/FSM_sequential_stare[1]_i_1_n_0
    SLICE_X59Y18         FDRE                                         r  p12/FSM_sequential_stare_reg[1]/D
  -------------------------------------------------------------------    -------------------

Slack:                    inf
  Source:                 p1/aux_reg[14]/C
                            (rising edge-triggered cell FDRE)
  Destination:            anod[2]
                            (output port)
  Path Group:             (none)
  Path Type:              Max at Slow Process Corner
  Data Path Delay:        6.915ns  (logic 4.079ns (58.987%)  route 2.836ns (41.013%))
  Logic Levels:           3  (FDRE=1 LUT2=1 OBUF=1)

    Location             Delay type                Incr(ns)  Path(ns)    Netlist Resource(s)
  -------------------------------------------------------------------    -------------------
    SLICE_X65Y18         FDRE                         0.000     0.000 r  p1/aux_reg[14]/C
    SLICE_X65Y18         FDRE (Prop_fdre_C_Q)         0.456     0.456 f  p1/aux_reg[14]/Q
                         net (fo=20, routed)          0.886     1.342    p1/output_aux[1]
    SLICE_X63Y19         LUT2 (Prop_lut2_I1_O)        0.124     1.466 r  p1/anod_OBUF[2]_inst_i_1/O
                         net (fo=1, routed)           1.951     3.416    anod_OBUF[2]
    U4                   OBUF (Prop_obuf_I_O)         3.499     6.915 r  anod_OBUF[2]_inst/O
                         net (fo=0)                   0.000     6.915    anod[2]
    U4                                                                r  anod[2] (OUT)
  -------------------------------------------------------------------    -------------------

Slack:                    inf
  Source:                 p12/liber_ocupat_reg_lopt_replica/C
                            (rising edge-triggered cell FDRE)
  Destination:            liber_ocupat_led
                            (output port)
  Path Group:             (none)
  Path Type:              Max at Slow Process Corner
  Data Path Delay:        6.653ns  (logic 3.986ns (59.913%)  route 2.667ns (40.087%))
  Logic Levels:           2  (FDRE=1 OBUF=1)

    Location             Delay type                Incr(ns)  Path(ns)    Netlist Resource(s)
  -------------------------------------------------------------------    -------------------
    SLICE_X32Y31         FDRE                         0.000     0.000 r  p12/liber_ocupat_reg_lopt_replica/C
    SLICE_X32Y31         FDRE (Prop_fdre_C_Q)         0.456     0.456 r  p12/liber_ocupat_reg_lopt_replica/Q
                         net (fo=1, routed)           2.667     3.123    lopt_1
    E19                  OBUF (Prop_obuf_I_O)         3.530     6.653 r  liber_ocupat_led_OBUF_inst/O
                         net (fo=0)                   0.000     6.653    liber_ocupat_led
    E19                                                               r  liber_ocupat_led (OUT)
  -------------------------------------------------------------------    -------------------

Slack:                    inf
  Source:                 start
                            (input port)
  Destination:            p12/FSM_sequential_stare_reg[2]/D
  Path Group:             (none)
  Path Type:              Max at Slow Process Corner
  Data Path Delay:        6.642ns  (logic 2.046ns (30.807%)  route 4.596ns (69.193%))
  Logic Levels:           4  (IBUF=1 LUT5=2 LUT6=1)

    Location             Delay type                Incr(ns)  Path(ns)    Netlist Resource(s)
  -------------------------------------------------------------------    -------------------
    U18                                               0.000     0.000 r  start (IN)
                         net (fo=0)                   0.000     0.000    start
    U18                  IBUF (Prop_ibuf_I_O)         1.441     1.441 r  start_IBUF_inst/O
                         net (fo=2, routed)           3.454     4.896    p12/start_IBUF
    SLICE_X58Y19         LUT5 (Prop_lut5_I4_O)        0.149     5.045 r  p12/FSM_sequential_stare[3]_i_4/O
                         net (fo=1, routed)           0.628     5.673    p12/FSM_sequential_stare[3]_i_4_n_0
    SLICE_X59Y19         LUT6 (Prop_lut6_I0_O)        0.332     6.005 r  p12/FSM_sequential_stare[3]_i_3/O
                         net (fo=4, routed)           0.514     6.518    p12/FSM_sequential_stare[3]_i_3_n_0
    SLICE_X58Y19         LUT5 (Prop_lut5_I3_O)        0.124     6.642 r  p12/FSM_sequential_stare[2]_i_1/O
                         net (fo=1, routed)           0.000     6.642    p12/FSM_sequential_stare[2]_i_1_n_0
    SLICE_X58Y19         FDRE                                         r  p12/FSM_sequential_stare_reg[2]/D
  -------------------------------------------------------------------    -------------------

Slack:                    inf
  Source:                 p12/intr_cif_reg_lopt_replica/C
                            (rising edge-triggered cell FDRE)
  Destination:            intr_cif_led
                            (output port)
  Path Group:             (none)
  Path Type:              Max at Slow Process Corner
  Data Path Delay:        6.536ns  (logic 3.957ns (60.538%)  route 2.579ns (39.462%))
  Logic Levels:           2  (FDRE=1 OBUF=1)

    Location             Delay type                Incr(ns)  Path(ns)    Netlist Resource(s)
  -------------------------------------------------------------------    -------------------
    SLICE_X32Y19         FDRE                         0.000     0.000 r  p12/intr_cif_reg_lopt_replica/C
    SLICE_X32Y19         FDRE (Prop_fdre_C_Q)         0.456     0.456 r  p12/intr_cif_reg_lopt_replica/Q
                         net (fo=1, routed)           2.579     3.035    lopt
    U19                  OBUF (Prop_obuf_I_O)         3.501     6.536 r  intr_cif_led_OBUF_inst/O
                         net (fo=0)                   0.000     6.536    intr_cif_led
    U19                                                               r  intr_cif_led (OUT)
  -------------------------------------------------------------------    -------------------





Min Delay Paths
--------------------------------------------------------------------------------------
Slack:                    inf
  Source:                 p12/mem_cif5_reg/C
                            (rising edge-triggered cell FDRE)
  Destination:            p10/aux_reg[0]/CE
  Path Group:             (none)
  Path Type:              Min at Fast Process Corner
  Data Path Delay:        0.241ns  (logic 0.128ns (53.130%)  route 0.113ns (46.870%))
  Logic Levels:           1  (FDRE=1)

    Location             Delay type                Incr(ns)  Path(ns)    Netlist Resource(s)
  -------------------------------------------------------------------    -------------------
    SLICE_X59Y21         FDRE                         0.000     0.000 r  p12/mem_cif5_reg/C
    SLICE_X59Y21         FDRE (Prop_fdre_C_Q)         0.128     0.128 r  p12/mem_cif5_reg/Q
                         net (fo=6, routed)           0.113     0.241    p10/E[0]
    SLICE_X60Y20         FDRE                                         r  p10/aux_reg[0]/CE
  -------------------------------------------------------------------    -------------------

Slack:                    inf
  Source:                 p12/mem_cif5_reg/C
                            (rising edge-triggered cell FDRE)
  Destination:            p10/aux_reg[1]/CE
  Path Group:             (none)
  Path Type:              Min at Fast Process Corner
  Data Path Delay:        0.241ns  (logic 0.128ns (53.130%)  route 0.113ns (46.870%))
  Logic Levels:           1  (FDRE=1)

    Location             Delay type                Incr(ns)  Path(ns)    Netlist Resource(s)
  -------------------------------------------------------------------    -------------------
    SLICE_X59Y21         FDRE                         0.000     0.000 r  p12/mem_cif5_reg/C
    SLICE_X59Y21         FDRE (Prop_fdre_C_Q)         0.128     0.128 r  p12/mem_cif5_reg/Q
                         net (fo=6, routed)           0.113     0.241    p10/E[0]
    SLICE_X60Y20         FDRE                                         r  p10/aux_reg[1]/CE
  -------------------------------------------------------------------    -------------------

Slack:                    inf
  Source:                 p12/mem_cif5_reg/C
                            (rising edge-triggered cell FDRE)
  Destination:            p10/aux_reg[2]/CE
  Path Group:             (none)
  Path Type:              Min at Fast Process Corner
  Data Path Delay:        0.241ns  (logic 0.128ns (53.130%)  route 0.113ns (46.870%))
  Logic Levels:           1  (FDRE=1)

    Location             Delay type                Incr(ns)  Path(ns)    Netlist Resource(s)
  -------------------------------------------------------------------    -------------------
    SLICE_X59Y21         FDRE                         0.000     0.000 r  p12/mem_cif5_reg/C
    SLICE_X59Y21         FDRE (Prop_fdre_C_Q)         0.128     0.128 r  p12/mem_cif5_reg/Q
                         net (fo=6, routed)           0.113     0.241    p10/E[0]
    SLICE_X60Y20         FDRE                                         r  p10/aux_reg[2]/CE
  -------------------------------------------------------------------    -------------------

Slack:                    inf
  Source:                 p12/mem_cif5_reg/C
                            (rising edge-triggered cell FDRE)
  Destination:            p10/aux_reg[3]/CE
  Path Group:             (none)
  Path Type:              Min at Fast Process Corner
  Data Path Delay:        0.241ns  (logic 0.128ns (53.130%)  route 0.113ns (46.870%))
  Logic Levels:           1  (FDRE=1)

    Location             Delay type                Incr(ns)  Path(ns)    Netlist Resource(s)
  -------------------------------------------------------------------    -------------------
    SLICE_X59Y21         FDRE                         0.000     0.000 r  p12/mem_cif5_reg/C
    SLICE_X59Y21         FDRE (Prop_fdre_C_Q)         0.128     0.128 r  p12/mem_cif5_reg/Q
                         net (fo=6, routed)           0.113     0.241    p10/E[0]
    SLICE_X60Y20         FDRE                                         r  p10/aux_reg[3]/CE
  -------------------------------------------------------------------    -------------------

Slack:                    inf
  Source:                 p12/mem_cif5_reg/C
                            (rising edge-triggered cell FDRE)
  Destination:            p10/init_reg/CE
  Path Group:             (none)
  Path Type:              Min at Fast Process Corner
  Data Path Delay:        0.241ns  (logic 0.128ns (53.130%)  route 0.113ns (46.870%))
  Logic Levels:           1  (FDRE=1)

    Location             Delay type                Incr(ns)  Path(ns)    Netlist Resource(s)
  -------------------------------------------------------------------    -------------------
    SLICE_X59Y21         FDRE                         0.000     0.000 r  p12/mem_cif5_reg/C
    SLICE_X59Y21         FDRE (Prop_fdre_C_Q)         0.128     0.128 r  p12/mem_cif5_reg/Q
                         net (fo=6, routed)           0.113     0.241    p10/E[0]
    SLICE_X60Y20         FDRE                                         r  p10/init_reg/CE
  -------------------------------------------------------------------    -------------------

Slack:                    inf
  Source:                 p4/aux_reg[3]/C
                            (rising edge-triggered cell FDRE)
  Destination:            p4/q_reg[3]/D
  Path Group:             (none)
  Path Type:              Min at Fast Process Corner
  Data Path Delay:        0.247ns  (logic 0.128ns (51.916%)  route 0.119ns (48.084%))
  Logic Levels:           1  (FDRE=1)

    Location             Delay type                Incr(ns)  Path(ns)    Netlist Resource(s)
  -------------------------------------------------------------------    -------------------
    SLICE_X59Y20         FDRE                         0.000     0.000 r  p4/aux_reg[3]/C
    SLICE_X59Y20         FDRE (Prop_fdre_C_Q)         0.128     0.128 r  p4/aux_reg[3]/Q
                         net (fo=2, routed)           0.119     0.247    p4/aux_reg[3]
    SLICE_X60Y19         FDRE                                         r  p4/q_reg[3]/D
  -------------------------------------------------------------------    -------------------

Slack:                    inf
  Source:                 p12/mem_cif2_reg/C
                            (rising edge-triggered cell FDRE)
  Destination:            p7/aux_reg[0]/CE
  Path Group:             (none)
  Path Type:              Min at Fast Process Corner
  Data Path Delay:        0.250ns  (logic 0.141ns (56.335%)  route 0.109ns (43.665%))
  Logic Levels:           1  (FDRE=1)

    Location             Delay type                Incr(ns)  Path(ns)    Netlist Resource(s)
  -------------------------------------------------------------------    -------------------
    SLICE_X59Y19         FDRE                         0.000     0.000 r  p12/mem_cif2_reg/C
    SLICE_X59Y19         FDRE (Prop_fdre_C_Q)         0.141     0.141 r  p12/mem_cif2_reg/Q
                         net (fo=6, routed)           0.109     0.250    p7/E[0]
    SLICE_X60Y18         FDRE                                         r  p7/aux_reg[0]/CE
  -------------------------------------------------------------------    -------------------

Slack:                    inf
  Source:                 p12/mem_cif2_reg/C
                            (rising edge-triggered cell FDRE)
  Destination:            p7/aux_reg[1]/CE
  Path Group:             (none)
  Path Type:              Min at Fast Process Corner
  Data Path Delay:        0.250ns  (logic 0.141ns (56.335%)  route 0.109ns (43.665%))
  Logic Levels:           1  (FDRE=1)

    Location             Delay type                Incr(ns)  Path(ns)    Netlist Resource(s)
  -------------------------------------------------------------------    -------------------
    SLICE_X59Y19         FDRE                         0.000     0.000 r  p12/mem_cif2_reg/C
    SLICE_X59Y19         FDRE (Prop_fdre_C_Q)         0.141     0.141 r  p12/mem_cif2_reg/Q
                         net (fo=6, routed)           0.109     0.250    p7/E[0]
    SLICE_X60Y18         FDRE                                         r  p7/aux_reg[1]/CE
  -------------------------------------------------------------------    -------------------

Slack:                    inf
  Source:                 p12/mem_cif2_reg/C
                            (rising edge-triggered cell FDRE)
  Destination:            p7/aux_reg[2]/CE
  Path Group:             (none)
  Path Type:              Min at Fast Process Corner
  Data Path Delay:        0.250ns  (logic 0.141ns (56.335%)  route 0.109ns (43.665%))
  Logic Levels:           1  (FDRE=1)

    Location             Delay type                Incr(ns)  Path(ns)    Netlist Resource(s)
  -------------------------------------------------------------------    -------------------
    SLICE_X59Y19         FDRE                         0.000     0.000 r  p12/mem_cif2_reg/C
    SLICE_X59Y19         FDRE (Prop_fdre_C_Q)         0.141     0.141 r  p12/mem_cif2_reg/Q
                         net (fo=6, routed)           0.109     0.250    p7/E[0]
    SLICE_X60Y18         FDRE                                         r  p7/aux_reg[2]/CE
  -------------------------------------------------------------------    -------------------

Slack:                    inf
  Source:                 p12/mem_cif2_reg/C
                            (rising edge-triggered cell FDRE)
  Destination:            p7/aux_reg[3]/CE
  Path Group:             (none)
  Path Type:              Min at Fast Process Corner
  Data Path Delay:        0.250ns  (logic 0.141ns (56.335%)  route 0.109ns (43.665%))
  Logic Levels:           1  (FDRE=1)

    Location             Delay type                Incr(ns)  Path(ns)    Netlist Resource(s)
  -------------------------------------------------------------------    -------------------
    SLICE_X59Y19         FDRE                         0.000     0.000 r  p12/mem_cif2_reg/C
    SLICE_X59Y19         FDRE (Prop_fdre_C_Q)         0.141     0.141 r  p12/mem_cif2_reg/Q
                         net (fo=6, routed)           0.109     0.250    p7/E[0]
    SLICE_X60Y18         FDRE                                         r  p7/aux_reg[3]/CE
  -------------------------------------------------------------------    -------------------





